500
0 390 3053 1625 9415 3014 4532 3200 2462 7901 3048 1224 6149 3190 1557 4494
1 6594 6722 9335 3264 3318 9409 7103 3718 500 9001 1900 6701 7756 8663
2 1665 2842 8785 6471 5912 6764 7752 4857 7226 8017 9146 9421 7912 5245 4962
3 7434 2839 5568 5268 786 4551 8761 6313 8518 381 3233 8986 2028 6534 4108
4 2406 4761 38 3100 8352 2082 9438 8463 9590 9010
5 8878 386 7877 4594 3450 8900 9166 9337 7326 2543 5767
6 1716 2064 3218 7127 1324 197 5845 5197 2834 2932
7 8895 6956 3950 768 5753 3475 3966 7208 9655 4528
8 5678 6492 7416 9871 6110 4351 6571 7587 8248 9348 2726 9107
9 450 1923 7730 5061 6502 1570 9569 1093 8084 9399 8623 8588 1266 1860
10 4050 977 6256 4666 4991 5161 5004 2105 7993 9950 2060 2798 7163
11 2331 8739 7036 8792 374 1600 7314 6595 7688 1917 6338 4099 7448 6863
12 6460 7825 314 236 8718 3549 9519 9231 277 6137 1329 4679
13 3106 5362 5013 3947 4470 9796 808 5147 4049 3219 3395
14 5634 5282 4629 4048 5347 8471 3555 7767 7224 4051 7429 8251
15 2871 8397 9734 2707 3591 8256 8940 8306 1363 6297 1275 1651 2768 9993 2 6021
16 7697 2744 2536 1670 3850 7296 1392 407 9122 7960 3910 1377
17 5342 8801 1528 3962 7435 9510 2621 5856 9473 797
18 2602 5093 2885 3772 2821 785 2032 3618 3108 6705 3513 2589
19 8469 5704 4474 5055 2135 1640 1109 5299 2569 7904 3290
20 1072 1042 2571 9187 7170 6428 2488 3562 3294 9423 2642 8452 208
21 2614 4121 5337 8555 7773 8427 187 5940 4167
22 542 3192 4735 5751 4148 4923 9071 47 6336 8166 6849 5899 3597 6615
23 3625 203 9685 6222 3357 8620 2575 4725 863 8564 8293 4343
24 9691 3505 1077 5676 2413 3085 6081 7062 6962 7212 8613 8455 1349 2161
25 4145 4113 3826 8717 4825 7879 7811 1746 9667 2603
26 7503 4976 3034 7784 757 2243 2959 9132 2790 3377
27 9028 8445 1139 3283 9571 183 864 6367 2395 4525 1930 9144 8060 9050
28 8175 9982 2848 6954 4573 5068 3038 392 7839 9358
29 2210 6991 9413 8831 6543 8813 1695 9005 1163 6518 7425 4633
30 4039 7484 6777 2326 1122 7453 7427 6942 3202 7719 5099 7615 2013
31 7823 1628 3734 593 6317 7762 8440 9574 3035 9404 6797
32 131 771 4720 9192 726 6234 3953 9300 2998 8148 2713 3526 113 90
33 2540 8982 5006 1475 3749 1476 1828 756 393 7123 585 4010 5270 3641 4615 5821
34 8040 3536 3074 7450 9619 3197 5338 1571 5 4897 3365 2562 872 9085 3964
35 331 773 3928 4801 7355 9472 9386 5252 6516 8959 2288
36 1201 7718 8666 5730 844 3350 9349 114 1801 5413 5505
37 4223 472 1465 1481 9194 9065 4784 7142 8380 297 9926 7763 5996 475
38 6130 5166 5146 8904 552 9414 682 1611 3604 4939 4159 1991 9232 1867 5433 6982
39 7069 2911 2384 3670 1348 8209 6467 8110 4139 1428 2921 6158 2967 5589
40 3079 3417 351 5798 3580 7304 465 738 7663 2895 7821 7063 4205 8374 9970
41 3992 703 3454 1574 548 7173 7585 2749 4112 5608 7519 6815 8402 5614 3528
42 4383 6469 2083 1541 8254 2463 3698 3226 6216 4816 4751 9181 8685 1498
43 4792 5872 3404 5388 1193 5326 5898 4692 8075 2632 8865 4372 24 4765
44 6519 9295 2747 8240 6052 992 5334 4041 6451 3446 5215
45 2314 3492 6822 5056 961 3900 4632 6555 9138
46 9676 4126 9330 9735 4162 5964 3172 7681 7128 5869 5778 290 5078 5206 9004 4778
47 4788 8178 4767 8949 1169 5957 8399 7375 8746 1950 3240 3354 6326 148
48 1017 362 3752 6010 5335 5540 1938 64 3065 2309 6875 5715
49 2559 1236 6301 7859 3691 3016 6487 28 1167 152 3917 6742 7164 1510 3814
50 3153 3657 4659 5094 6972 6279 9482 7700 3946
51 4238 2125 7302 7279 8727 4612 7966 609 45 7428 2201 7929 1025
52 6351 8140 4076 3383 8159 3995 7512 940 9016 8176 4749 8535
53 4065 7589 4046 9176 2470 1065 6637 2727 7888 9725 5111
54 1055 731 1353 1394 2005 2755 720 4456 4255 1806 2024 9431 5921 1454 7162
55 1826 2230 2228 448 6106 9919 4377 2987 2607 9886 1610 8105 7423
56 3766 7281 5276 8217 2843 8520 9140 2044 812 1016 5277
57 7713 7156 6413 5246 9199 668 2647 5086 2475 6160 1144 2457 9857 88 8135 188 6385 5064 6635
58 6607 9710 483 3216 529 263 8538 279 820 6154 9780 4619
59 6265 8596 4623 97 9142 8420 1691
60 2124 5327 5054 7267 5868 3951 3802 3639 1299 7897 9264
61 9529 2680 6117 5020 4437 5904 3811 5410 1474 2825 6980
62 728 9526 2018 4483 9690 5712 1010 4684 8931 2773 1849 2670 4967
63 6859 7155 3451 695 8862 3025 7204 7202 5625 4757 3659 4339 2623 6303 6095
64 9945 3522 1566 1536 6235 1533 176 7852 6179 9334 7518 5471
65 4985 6121 5251 6996 8342 9859 3932 7783 7307 9083 1601 5886 3022 6893 7087 5122
66 6289 5142 6033 2454 5119 206 3732 8760 8879 7078 8493 8308 2875 3343
67 9408 888 6879 1515 8391 685 5637 6725 1409 2635 9604 8812 6729 5175
68 6014 8236 6651 714 3853 4777 1742 8799 9840 3006 9866 676 1630 3796 1878 5063
69 523 4752 2577 819 8742 7672 1290 8901 8942 894 9475 3474 4915
70 1233 9316 563 5232 5615 6414 6780 5375 8324 6498 8989 4743 3603
71 3182 4782 6872 603 574 6345 6688 8078 9782 6752
72 1179 6602 3847 8627 2014 6270 1626 4376 6648 7218 5286 6029
73 2215 1067 792 153 954 3315 6650 1146 7029 2166 1924 6869 8470 3331 4423
74 1181 7474 6249 9357 5075 798 1237 8572 5031 3869 4920 9312 9498 3012 6509 7740 4501 6073
75 2401 7738 700 7601 6909 4038 480 3370 909 7367 2209 5253 4912 3812
76 8731 1838 4307 4677 2555 244 2238 9451 5228 1918 7654 831 7739 4176
77 3362 5552 2248 4192 6690 8425 5520 2754 3542 85 7354 2526
78 8854 2766 5578 108 7875 8547 2146 3521 5558 3230 6057 1467 8896 9458 6919 675 6453
79 8744 7426 1896 3167 5927 6601 6599 5893 4445 3650
80 1973 3987 8710 5176 2175 7641 6837 7288 6540 3372 8405 8044 9076
81 5547 8975 5911 9 5307 9566 8972 4169 6135 7424 6195 2345
82 7082 7562 9093 6312 3827 2232 2385 3913 193 9274 4539 6544 1868 5762
83 4644 1682 6547 3183 8022 1152 5683 4279 6568 3839 5188 1287 9169
84 8768 6659 5842 7362 2342 4318 1400 1211 2495 8074 9270 7864 8848 443
85 8804 3825 5434 1239 4741 4669 2667 7691 6248 906 7732 4358 7902
86 2918 6669 2722 6558 9694 492 4893 8431 4001 3873 4665 6030 4317 921 8130
87 847 6108 5034 1708 5129 2878 9809 7462 1654 5139 9795 583 776
88 6020 2367 8215 6488 5960 7743 8733 6210 5592 1631 9684
89 4541 1581 7874 2896 8819 6273 1133 6992 4129 4425 7260 4045 6037 3163 6355 4639
90 5481 5069 4026 3857 760 1432 2330 1403 8394 5784
91 505 8780 299 2508 2751 6796 5555 8387 6619 8556 3821 1505 8846 4787 4034
92 1562 9705 5138 110 4195 9669 3039 5273 1895 7617 9653 1247
93 6878 8072 8331 5750 5379 653 2469 3872 7967 7733 1731 3393
94 3820 7856 2701 3313 1734 7023 359 7431 3723 5861 1279 1248 8671 7846 7988 2591 6944 5446
95 7687 8528 2008 4379 2214 3532 3222 2386 2388 1005 51 2265 527
96 6267 1582 7249 4032 6339 9704 220 8883 9634 56 3434 5500 7240 4385
97 7605 7638 4161 8434 9040 4902 7122 2746 5430 5443 3184 5752
98 3866 8249 6449 1559 3800 2483 1786 8954 6374 2894 9563 5818 4972
99 4326 5187 6597 2459 1164 1043 7550 1338 8867 445 811 6214 2651
100 366 5617 8734 1479 9104 4851 278 9643 2941 8612 2077
101 1218 7055 8992 5874 6364 1226 6346 8216 4786 6968 5693 2920 9215 4529
102 4444 6139 5085 4225 1303 8708 4687 3954 2233 2282 6766 411 1079
103 7028 5553 3067 4638 4214 7040 6757 1904 6937 8560 3351
104 3132 4071 7876 4566 14 2531 7940 8922 571 3390 3984 4658 9990
105 2408 9784 1157 2464 598 1994 2611 6027 9378 3887 7791 4068
106 6242 3531 4655 1252 2869 4073 4531 4763 928 723 205 311
107 7381 372 4576 1980 9627 4281 3694 1245 3414 59 3942
108 8011 6103 701 5035 3600 7022 5353 2908 6738 6324 1774 8439
109 4766 273 5109 9606 6921 4865 849 3461 7461 5429 8484 818 6437 9947
110 9827 4435 5386 1424 5258 7194 5674 9171 6221 9208 7854 9045 4212 6692
111 8203 9766 8990 6941 1567 4755 468 7598 3164 2655 2240 4586 1219 8150 6755 761 6251 8051 4311
112 7321 3876 2035 9535 6953 7013 1070 3269 8911 3520 5618 9062 1205 6018 3004 3103
113 2186 5399 1091 4783 8747 4327 5728 7996 1118 3415 1029 7126 1834 1751 6285
114 915 7414 7006 4533 5913 3530 4631 7686 3151 1365 7771 2711 9425 6254 625
115 4140 9428 510 8010 8 8012 2580 7653 2247 5462 9436 5271 3997 8863
116 1196 6101 3809 8880 8764 4226 3666 8552 5001 7269 1862 6833
117 6302 8413 8542 8069 7907 3349 4654 2006 1264 5800 8269 9901 321 3602
118 115 9168 7569 2252 9298 7482 4954 72 5988 2682 3567 1150 9379 4527 3792 8593
119 9450 5017 1453 1468 8619 4257 2593 3046 7755 4884
120 2684 7086 755 1749 9340 9602 2699 6805 9488 1312 9862 4799 3651
121 8566 2291 9022 3647 9200 4903 8962 3897 4206 5444 7088
122 6662 6652 6275 5968 5123 9255 8597 4441 3205 8704 2176
123 6226 9876 6185 2695 1781 6369 8489 1056 5400 2969 503 8650
124 1776 414 5125 4982 9588 6912 1595 8275 2673 7365
125 4574 6054 4397 7165 8648 6382 1818 3271 6393 7560 6584 3333 6842
126 3463 8936 9347 6064 7031 6873 7665 9933 6974 8700 9558 2657 5882 9789 2121
127 5442 1230 5022 8092 4869 5587 6646 9160 3622 77 1075 1457
128 8037 8947 7455 2860 6776 3322 7471 9236 5427 9063 1554 2613 4313 2986
129 9637 740 2145 6402 592 6612 6048 5976 1156 688 4378
130 5815 3256 7130 7775 4186 5667 8626 3406 2803 8859 9191
131 7305 8890 3376 4341 6304 650 7336 1018 1120 7129 8882 782 5639 295 2437
132 7050 255 2634 3956 1064 7916 4550 3886 87 7917 6308 7992
133 4856 8559 6676 9695 2450 1616 7883 5602 2389 1358 4308 4180 8121
134 3464 1935 2548 4181 3958 8641 6388 8278 9256 6608 5636 8898 2904 557
135 7880 9521 6495 3605 304 5517 1657 4568 4481 7481 7583 5448 2429 2587 3870 1125
136 1208 5535 754 3422 100 1391 6005 6315 4965 6674 5946 5406 1831 8614 9848
137 2172 8031 1998 9587 2050 7373 9660 2381 4018 3507
138 129 947 9266 9546 9897 1854 9658 9687 8987
139 2422 2795 5387 4740 1802 8580 6901 4511 5229 3793 5668 8163 3540
140 6724 6734 6217 822 3804 6070 8237 9068 8310 945 2610 6472 7193
141 1084 7486 2551 2197 4636 3072 1952 3773 5958 736 3410 9548
142 2532 9878 8511 2322 6737 4936 3716 8376 4131 708 8408 2465 9261 8450 7922
143 3057 4955 780 6989 6377 2378 1265 380 4727 6349 3527 5304
144 2669 4166 9640 8145 196 5657 2063 7795 4322 2799 418 2260
145 9935 4966 9988 439 207 4438 3615 1352 833 7037 175 2271 3176 4591 3232
146 7676 2677 3963 6299 7358 5491 6861 6631 4061 9853 2480
147 1431 1637 8000 3613 9743 590 8958 9186 9007 9474 9760 18 7439
148 4821 1168 83 1817 9241 9807 2046 528 9284 1671 2184 4011
149 9464 2624 2467 3744 9617 5561 7263 2372 8474 7259 4457 2407 3944
150 4880 5825 3777 172 3467 2417 1148 6464 8953 231 3524 3210 5014
151 2856 1357 5864 7213 896 6525 2550 9576 4449 7101 1780 8024 3275 7870 4342
152 7115 3241 5044 412 5195 4510 137 7531 7506 6613 1234 5137 1755
153 2934 6890 2668 2857 3337 1316 8219 6771 6985 7872 5224 4520 3509
154 5038 9721 5867 9595 9332 2191 6370 913 6448 956 6773 4189 2471 8910 1790
155 6105 62 8586 4489 2582 7588 8115 1291 2019
156 9449 8191 7327 8894 8371 9718 8699 5870 2398 535 1882 8081 2097
157 8057 7412 8428 6545 5012 6801 6358 3874 303 5571 1933 5580
158 871 9265 6964 4789 4033 8899 6823 6465 6505 218 553 1483 4213 753 6049
159 5525 7881 3348 8927 2284 671 4389 2160 6328 4084 4476 9487 7219
160 6258 1147 6914 9954 5952 1921 6356 3643 2609 1605 4983 9573 7820
161 578 491 1345 8362 1186 1440 6736 2456 7246 8230 4035 8477 1174 7997
162 1866 4222 506 4331 469 2439 158 9628 4812 1350 8390
163 6295 9920 8264 6636 1399 8291 9209 9313 6990 2414 67 2698 4337 876
164 9666 1014 3722 1871 6329 1038 647 5513 1530 2225 4975 2597 5526
165 8260 7841 7948 696 2750 7454 9785 9949 2192 9726 1805 4359 4890 5397
166 1336 7582 3320 7849 7021 2338 8540 6740 2828 7042 3684 367 9185 1260
167 9258 7873 3508 2800 706 1427 1361 2883 7861 8562 5997 3877
168 8449 7371 5900 823 1686 6423 6853 9509 6929 6094 8433 2943
169 3460 2258 5073 7851 3931 3363 2814 5292 9375 8693 1472 7575 5340
170 9675 9283 5994 2753 9156 1115 7804 2221 3137 2513 5412
171 8600 3473 5041 3195 214 9259 7014 6821 7438 9522 2492 1770 2951 6218 9652 9164 6022
172 3860 9530 7787 9738 3260 353 5531 6585 7393 6366 7955 5383 238
173 3548 9096 2336 8377 6550 4993 9117 9720 84 3929 3544 5630 2685
174 3297 1318 1297 8212 1342 9031 6434 4478 6733 9325 4811 5368 6874 7349 7652
175 6952 3293 355 4994 3277 8966 1968 1981 3154 8038 8672 2865 7751
176 6529 916 5289 2223 9651 4354 4091 9112 436 2916 3207 4055
177 1796 4078 9781 6671 6067 7075 2313 4439 8367 1302 899 8192 6785 7320
178 3573 7329 5007 2391 7970 1469 253 6791 6136 1811 7952
179 6316 9948 6292 7924 6092 9707 7608 4924 2588 4674 1711
180 9466 5603 9900 4769 195 4117 1339 8127 6380 8632
181 976 1102 463 160 3227 3037 9396 9008 9998 3747 1209
182 8549 9123 4908 5680 5890 8887 2189 2930 5454 6188 8625 9025 2491 9453 456 3468
183 8183 6573 6318 9657 4088 8897 3999 9554 1175 4285 3916 748
184 1244 9301 7359 5103 5234 4964 7945 979 2043 9304 6482 8523 9775 9555 5019
185 3024 4178 5179 4070 4563 8086 4040 1969 3447 3711 8948 5738 3356 7001
186 5107 4304 6979 3933 4728 9861 2730 3386 7657 1138 8636 8821 476
187 4721 3086 3699 2676 955 3787 1031 3185 9268 3234 3171 2473 8578
188 232 8720 8035 8809 6165 9477 6394 1471 6138 9600 7710
189 5941 5359 3041 2447 4434 4150 1390 3401 3564 3754 1327
190 5611 7095 514 4988 2055 8018 9454 2672 938 178 5775
191 6309 3729 2922 144 873 1083 8494 5172 3676 3553 5766 6123
192 4613 2886 9745 1757 6456 4862 2963 4424 6687 860 3969
193 7693 5700 5663 1313 4697 6208 1841 9326 9329 6294
194 8014 182 8332 3429 5739 8508 1697 163 7217 1725 1111 1650 5110 9565 1216
195 493 2985 9271 8635 7290 3243 3610 8120 497 5706 5121 1721
196 5554 5045 4772 9686 9153 8177 410 7723 1569 7027 2890 1241 3032
197 496 5548 5743 2451 1617 7287 4452 5235 5658 725 9843
198 3494 4412 1319 4256 8912 118 4998 686 7308 3840 3761 6376 1105 3080 7537 8133
199 7220 3286 6410 511 7747 4324 4266 8195 7910 802 9427 7077 1426 1613 1932
200 3345 457 2196 3026 2009 4127 5908 6489 5495 536 5407 454
201 1962 9692 1466 4607 9997 6255 8257 1450 3822 6493 2277
202 2085 1534 7689 7836 3138 3374 6710 3630 7974 2765 573 7522 8441 8651
203 8750 2034 3 6598 952 3543 1416 1793 3274 806 2735 697 9991
204 1694 3774 1773 4173 2534 3329 1335 5875 8283 6076 4280 7961 1343
205 815 1495 8137 944 7261 8247 2712 1656 9130 2622 8994 8361 6034 1845 3491 4660 8104
206 3660 6224 1195 4977 6865 882 8815 9708 1085 1542 1386 29 9470 5917 6986 6903
207 1420 7293 7742 4295 5920 4937 1259 3344 2955 3529 9060 9913 6175 5458
208 2515 7628 7379 4414 7828 8027 1460 8707 2099 3448 1176 5848 200
209 1948 2939 228 1362 6507 6685 9287 8847 5858 1624 1858 81
210 1180 518 9902 4382 1114 2404 8630 9989 6583 6187 3907 1444 7312 2533 2052 420
211 9593 5356 9457 5527 6378 3198 2560 9962 9460
212 1423 1407 3909 8241 641 2796 245 9994 4237 5241 2802 8491
213 2997 3867 5287 4472 4904 3920 3161 1646 843 6610
214 9207 345 3069 1501 8888 3673 7102 4695 1853 8234 1883 1035 2538 1123 9545
215 4100 9260 1756 1104 2068 4640 1235 6731 1655 9393 7692
216 6286 8905 667 8290 1523 6416 2572 8509 408 6191 6280 7494 7254
217 4486 7591 5130 4649 3537 6062 8480 3117 3634 272 788 6475 2723 369
218 3745 7228 4995 3842 828 5590 2662 8711 5504 3440 1957 1197 1482 2980 569
219 7581 4243 7536 5705 6124 7975 3133 96 8328 1003 9758
220 247 3270 2960 7361 2325 4651 1334 473 5579 98 3828 4730
221 7150 286 6276 8903 5998 5570 7376 3416 8113 5824 9703
222 2764 813 2150 3058 8093 379 6694 102 7017 3391 4838 8202 7360 2114 6296
223 4013 7278 4926 545 8045 4003 437 4103 4200 6617 9808 3758 3923 4199
224 8527 648 9732 893 9770 2455 2573 1942 580 3943 5415 3052
225 5652 4737 3835 1839 3608 883 3590 1374 6794 1086 3848 7395 4567
226 2396 989 3418 646 5090 9832 3892 4475 521 5563 6264 9966 1916
227 1032 9013 4906 5445 4635 6031 23 7614 230 1672 1002 5962
228 4683 7012 240 6614 551 8194 8227 1388 3785 4399 2511 8279
229 1419 8628 4999 8309 8208 7299 4347 1340 6161 166 2136 3991 5822 7116
230 482 8444 8736 1159 9014 8064 7650 6476 5947 4970 9817 6401 3727
231 6457 9507 6343 7064 1565 8610 2576 6253 2295 8228 7205 5437 8784 9777
232 6653 9443 2617 317 8713 7076 684 8845 4823 7984 3702 9937 5838 6260 9219
233 1337 8351 4490 7554 6074 5702 7415 1200 1429 4122 2783 7577 5980 8829
234 8674 2123 6068 9125 7694 7790 1127 507 9011 1940 6400 8778 2155 2870 8345 5219
235 8758 6164 8190 2349 8684 8921 7477 7946 2892 4901 3459 9147 8797
236 133 8765 519 9380 5862 8498 1855 3968 5596 5662 8654 2324 716 3771 3541 7826 7291
237 2289 631 210 7736 8570 229 835 5794 5193 5572 8080 52 621 8920 1607
238 5929 2335 2157 895 6900 6109 884 1546 739 2267 1992 8284 438 2615
239 5692 3188 750 4066 9746 626 4537 4036 271 2628 5131 3626 5836 3728
240 5097 4554 1642 7801 6143 1284 2037 3113 9957 8032 5112 8055 4264 151 1829 1583 9244 991 7266
241 169 6241 6051 6353 7317 8116 2717 6536 9623 7722 8576 6537 666
242 3392 4340 4362 8981 9086 3493 691 9338 5450 744 7748 2418 9485 9679 2327 9608 5631 4020 4647
243 4134 361 243 6307 3596 7894 6408 7626 136 1136 7564 5565 3020 9075 376 8053
244 1632 4363 4007 2242 2382 1587 1210 1689 4538 34 6141
245 8881 4345 5713 9081 6337 5656 6107 5729 78 9053 2366
246 1908 5330 8153 425 8599 1520 4652 3476 7578 781 111 4670 300
247 9442 106 6908 1022 9804 3096 5840 9693 4502 2107 3015 7968
248 5170 9936 9562 8382 1972 6177 2584 2149 9400 5046 79
249 3143 5226 7311 9445 3298 6504 9456 3672
250 8722 7368 5024 358 2249 4853 4596 5598 3258 9549 4824
251 953 8289 751 7121 4175 5127 7466 9179 370 3425 867 2929
252 6257 6468 7025 3458 2897 7865 6677 4053 8908 1718 6866 8117 5156
253 6826 3588 935 8213 8531 9371 2636 9204 4499 267 3498 3081
254 1941 608 5710 3751 9541 5066 6483 5499 8631 3654 5507
255 2203 1956 6920 2835 9363 4323 1203 5849 8738 2127 3084 6262 116 4855
256 1435 4905 4251 5566 8644 2718 656 9129 6059 2938 3579 7196 4944 2411 1931
257 4429 3284 265 659 5737 4672 3068 1379 287 9218 8239 9965 5902 6454
258 4705 512 1041 4054 4120 3534 9077 5037 758 5695 9943 6126
259 3296 6129 2079 1897 1488 3632 2207 6963 1561 9224 5966
260 3841 7351 8106 874 6894 2690 2958 5575 8085 3181 7452 6950 1080 718 7698
261 8841 2356 8728 9044 8782 5991 9289 4854 3551 6783 2522 5607 3830
262 1289 9315 2074 7863 3570 8322 8976 2042 9974 3669 9709
263 1521 9366 3545 5473 4577 8951 5550 2785 4275 5033 5248
264 4558 6606 1417 7357 9517 6781 7356 2708 6311 8918 1997 1106 1512
265 6854 5757 4810 918 3326 332 7971 4130 8224 5355 6838
266 6787 7683 5300 4587 5280 9642 9279 9327 7258 7549 2694 5828 1784
267 9583 8307 5770 2996 4624 591 2565 2144 8830 6357 8553 907 1926 640
268 2111 4513 1620 540 285 3486 7346 6741 4791 1820 8698 3064 4626
269 6213 8043 4754 4949 6082 9668 1623 3990 489 5349 6444 5096 8118 8358 8062
270 1410 7695 4688 6951 5502 1771 4597 7282 9503
271 7048 5070 6436 2504 9514 284 8658 9275 7350 2090 2118 7782 3023 7053
272 7340 1529 9318 4149 9716 8446 7171 328 8687 934 5643
273 1081 5907 3203 5871 9964 3899 6183 1767 7931 1418 7100 4958
274 7186 7201 117 4229 6814 7981 8584 3808 7621
275 7215 8824 6706 8423 7806 4391 9492 5707 179 2774 9733 8253 6424
276 1020 8767 1128 4047 8250 3506 2351 5533 6774 8246 2416 4302
277 5350 6201 8507 689 7792 7159 3457 9872 2606 2337 3569 5309
278 7817 2925 6035 2596 4152 3736 2109 3818 6497 6696 159 6245 6236 6028
279 3525 142 661 2777 2772 5797 7339 3177 7065 4957
280 2818 1560 1344 8617 6421 8454 1890 5677 5134 6420 2479 5153 2740 4886
281 6001 7921 8670 3381 8114 8388 6025 6000 1304 4381 7986 8259
282 1371 1715 9066 170 1762 3347 8653 5684 9461 7622 4197
283 3453 8123 6851 8858 1006 3366 1001 6282 2033 604 8346 3330 2600
284 3637 7980 5182 2049 2423 734 632 3628 4627 8473 6680 2693 4418 5993 7153 9580
285 6153 2852 4512 1865 8146 2453 5701 4694 7753 9135 5497 9757 6477
286 6425 9035 6181 5163 8598 1537 1964 4321 212 1944 9931
287 2048 5416 972 6717 2867 5839 9761 5781 8252 1063 7609 8583 698 9654
288 2213 3280 5331 7152 7660 1033 4447 3583 3726
289 5679 8098 3146 5402 8447 4866 9744 1046 7764 3479 3469 9968
290 8327 5382 969 2992 3975 7685 2503 3056 6004 7227
291 6739 9471 5651 2194 8997 9018 4410 8659 2864 2594 3485 2057
292 9115 6918 2115 858 930 8270 7456 7272 2737 3013 6775 5519 3765 2836 3864 3159
293 5682 9056 7262 3719 4941 5370 7673 5162 8461 9389 213 8185 9299
294 6379 8676 9101 5082 3955 2297 461 8158 3134 256
295 8618 6925 9036 8068 6300 423 7566 1799 4291 8924 6778 1140 8870 2638 3364 8706 9003 7185 6889
296 7547 7160 5418 3518 3961 6567 3614 5290 2350 763 3255
297 7392 3061 4242 8188 2608 4402 1514 8737 7510 7516 1212 4328 5104 2376
298 401 9711 9317 8363 9395 1835 7647 692 599 8697 6792 7292 2760
299 4333 9895 1369 5788 6259 1783 1459 9370 3584 4431 7965 9547 6539 8748 4234
300 7399 7837 315 2217 9847 2021 5476 4899 7179 7950 5003
301 5053 827 3838 2092 2007 257 7843 986 7629 8874 6148 6060 7133
302 22 2472 1295 5852 6835 1678 7656 2045 8839 2430
303 6250 699 421 5395 216 8368 7827 6017 1548 3095 4352 2983 5322
304 7611 2202 6541 7447 1978 5606 2595 6630 9626 7597 3101 6852 1257
305 3194 3565 8539 5595 9388 555 5420 7432 4952 9946
306 854 5218 2900 624 6587 2062 9939 147 8344 6229 3308 630 4900 3231 9712 3051 1206
307 6698 5687 8272 2129 2100 7533 1785 7406 6511 7097 8462 2235 1720 5933 3575 7252
308 5247 1220 9845 3257 6398 794 3948 6624 8999 2216 9417 46
309 4646 1743 2403 9238 5853 60 30 8756 7610 4806 5859 8179 8522 6931 9930 524
310 6572 7939 3262 9114 9838 7141 6334 8076 2936 26 8510 600 6196
311 6155 221 7192 5431 9090 1317 242 3707 9731 2030 5460 3503 9830
312 5011 9235 9816 2640 8789 6582 5398 764 8609 634 4779 8134
313 2263 1255 1902 7556 3512 5027 3319 1644 4822 8637 793 6804 9639 7147
314 3743 9577 5317 3077 4361 1864 419 799 9496 4187 1634
315 1306 6621 1142 2274 1728 6616 2379 2844 8320 774 2190 7998 4590 2846 7535 447 2220 6949 1328 9444
316 2500 1087 3352 5622 9416 9511 3863 3291 3209 3199 9157 8838 6712
317 6675 3121 4390 9999 9382 2851 8181 464 4094 4614 3731
318 250 7107 3338 3144 6089 1553 9803 8842 2557 6704 4917 6404
319 2494 4224 7303 1823 7786 3881 7799 5092 2962 8592 2458 9374 3783 3427
320 3885 6058 7976 3778 9650 3288 5854 5008 9825 2552 9467
321 7174 5408 7651 9120 5549 2645 2020 7333 4888 9682 4946 5348 6044
322 1034 6609 4158 9890 7058 1040 6546 3937 7808 3102 9087 9836
323 6627 5390 9495 3797 7568 6654 7540 1373 241 1135 9831 5774 3914 3073
324 141 8429 707 3225 9659 1161 7444 41 1815 7440 209 8136 2804 6178
325 9159 926 4747 8265 9763 8015 2078 2354 7057 7857 3268 499 1752 2898
326 2065 3755 8481 4892 6115 1710 36 389 4785 869 8978 82 4348
327 5509 9615 3983 4736 9027 2968 5391 7295 8868 2858 9364 6452 6290 1985 6699 8794 8487
328 7177 2460 2794 4883 9306 4826 9049 980 4179 9570 4795 5212 427
329 7437 3959 7702 2952 6077 7413 3985 9616 8152 7709 2171 4450 4168 8495
330 6978 7301 4837 4138 4760 2363 2950 7338 1660 5909 5209 6827
331 296 5204 8515 7633 2529 6184 3043 4835 7325 3791 2626 5936 5748
332 6426 5551 9624 7200 9575 5653 2426 6670 6749 3075 55 8005
333 4133 5546 8703 7887 7530 8103 7745 4136 3721 6134 8302 9713
334 6269 3837 6793 3500 4332 7104 7348 1879 2218 2420 2113 3894
335 3888 9887 5401 6824 7551 4842 7895 1788 9248 4696 3644 7991 1461 9834
336 3189 1723 8624 4507 6354 124 4706 9127 4164 4708 7607
337 2850 613 8090 8319 1861 4746 2791 5514 6455 9537 568
338 3852 8705 3662 4716 532 8866 1840 8513 190 8468 3309
339 2767 7380 3420 3091 7154 7957 6816 8099 2000
340 9293 2199 2340 2979 4314 5261 9483 7842 4132 4593 5239 2957 5764 5624 5671 7467
341 3970 7387 5850 1753 4367 2984 558 7603 4609 8832 8198
342 8967 2554 9019 6681 4969 440 80 198 7749 5724 6361 4771 917
343 6506 5948 1463 1276 2168 7714 8996 745 5986 2070 7117 9674 270 1833 1750
344 2369 8757 6209 8056 8823 1507 5186 735 6373 6800
345 2553 5953 8071 9030 7066 9852 8571 3316 8164 7918 5367 9972 8488 8729 7206
346 7020 6063 7580 9403 63 1648 1621 5523 4534 8285 4691
347 6556 7039 3703 1050 2317 1556 8151 1696 3891 2301 3556 2173 550 5341
348 8013 4496 3007 1170 4299 4044 4427 5332 8536 2445 730 9842
349 3664 1663 8496 8464 3423 3110 9896 4497 2853 1759 8169 1705 6061 1117
350 790 3017 2224 7977 5564 897 5661 3031 9196 5343 6938
351 5522 9021 3706 3135 2530 1321 9921 7937 3471 7534 6470 4645 3905 4346
352 2279 5389 9671 8238 3109 1807 9110 3214 3627 1558 3129 76 8233
353 352 43 6207 8466 1012 6702 6239 6203 215 4196 910 4913
354 627 2355 7309 326 8853 2305 3419 1959 7721 4877 971 3665
355 8088 132 7797 57 2185 1687 3382 8902 4193 8295 3823
356 3895 3616 5301 2709 5503 413 9402 4907 325 4247 2236 8171 1641 5124 3504 9026
357 1885 1937 2840 1194 5459 9303 2977 7488 9824 9124 2739
358 1028 3050 6445 502 537 4411 7451 233 9552 6926 5117 399
359 3005 6205 7237 4087 8740 3342 9598 7552 3325 4860 225 1134 5813 6549 5483 1238 9607
360 2302 1527 8267 2359 8608 1445 7623 9032 5404 6770 7298
361 2863 3563 9137 1892 8287 9108 7699 3310 5321 836 8338 8781 4369
362 8793 3693 1322 5559 7475 658 1673 2394 1375
363 42 6281 8714 8077 7026 8193 3148 7868 4951 9082 3739 1844 5384 4984 8775
364 7386 9023 1007 8357 3705 1889 3973 2165 2961 1681 8141 824 610 7788
365 6628 5538 2128 7949 5573 2164 1884 2745 9206 6665 7181 732 4338 6261 9822
366 8220 7169 4042 3854 5744 9752 3083 7231 3323 2872 6611 5198
367 4726 3561 6707 5244 5346 320 5567 5785 6330 2365 1301 3776 4310
368 8492 3145 3939 5718 936 2502 2374 3572 8008 8109 4081
369 1273 2152 349 5049 4667 1719 6934 1627 8816 2663 8372 4274 7131 7120
370 10 4086 7490 2262 996 6112 9512 6119 2208 4373 6579 4463 8396
371 9646 5895 2278 9493 5144 4315 4387 2253 7125 1183 5255 866
372 4253 4135 5703 9867 602 8059 800 978 7990 8406
373 4293 8416 3762 789 4015 7223 5424 2823 5995 7542 6744 4037 4526 964 1256
374 5016 1652 7464 2665 5943 5426 6418 1863 1822 5604
375 6639 8025 1602 6786 1585 8574 6577 5363 1242 1436 2564 5414 6387 3379 1351 177
376 9305 7844 4592 7485 3169 9986 2059 687 8457 7489 8914 5885
377 246 4814 150 2644 8973 2431 2678 6817 27 1396 3620 9567 9961 2583
378 5961 1383 5227 3803 3501 6097 1182 7043 7675 861 6133 1281
379 7285 2973 1963 4828 7330 3977 2399 9422 6933 9432 3242 9918 9942
380 4356 712 4241 6588 587 575 3066 5581 9078 5609 5586 7500 6521 5699 4244
381 2329 7085 8891 7347 9540 1857 4867 5032 7869 9411 1955 9505 9800
382 6042 3111 7114 7563 7680 2687 2485 1961 4605 612 5905 9254 6672
383 6961 6091 4360 1293 7294 4555 5891 2688 8526 9237 1455 1121
384 2183 2721 9551 5863 5755 1430 5126 5725 6180 8889 4062 259 655 2816 881
385 7255 3737 4582 4569 5051 6667 5545 9611 8766 310
386 1262 7915 7833 5515 6647 1192 9764 9899 7010 879 3675 2412 2679 1058 4661
387 8835 4416 9833 8790 7816 6843 2275 8963 9037 2660 6102 2304 9518
388 2524 8298 1769 7195 3700 5466 6811 2650 5583 850 9981 4419 398 6071 2156
389 1137 974 766 7277 9092 7377 6561 963 9367
390 2586 134 1572 8438 396 1666 7951 2153 8735 7908 8174 8157 6895
391 7642 191 2787 6417 2468 4559 1130 1380 4079 4600 6494 2643 5780 8716 75
392 1958 1638 4107 1645 5052 7927 2497 7570 6548 775 268 7318 252
393 8389 6557 9290 7903 7316 103 9089 4000 417 488
394 7151 9344 6038 5216 3265 6503 1047 33 4947 2568 9433 2017 1579 9582 2990 9865 925 5543
395 9102 5795 2476 2256 8050 6278 8305 8410 1591 6087 8805 8131
396 4060 4330 9722 2779 7543 1059 6882 139 9331 2736 3710 7136 6198 2182
397 3843 5200 6231 7561 8822 4648 5293 6520 2415 2639 5328 4580 1647
398 7969 8605 316 2038 8186 2071 2868 6396 4232 3640 8788
399 779 4929 713 8548 122 3152 3278 7505 4874 458 6099 5149
400 4388 7884 1893 9928 8226 5816 3045 9038 8128 1538 4151
401 6166 2815 4986 4797 6767 4542 5773 9094 6542 3667 1267
402 4588 6144 3926 7253 5477 2769 522 1982 8808 7353 5472 7135 1791 9533
403 670 4914 9622 6531 6116 8337 4111 4401 6656 7460 2975 2994
404 1496 9291 7899 6372 6700 5731 1153 9372 3624 8833 6946
405 7459 901 9478 8732 2882 4709 6114 6215 4485 5787 8741 7445 8082 7634
406 21 3547 4671 7800 1555 7890 291 5626 5133 8915 6084
407 7925 7118 1693 3714 7 6389 1202 5779 4106 605 6011 4203 1846
408 5203 7000 9717 1615 2067 7419 1382 86 6845 357 8058
409 4963 8101 3655 5485 161 9783 6024 2126 135 7119 1984 2781 8499 9979 951
410 4258 4798 8421 9797 3206 2789 5975 7891 4102 7664
411 6886 1052 719 5440 7322 4714 2195 611 3502 309 2970 7987 4628 4282
412 4097 8787 9632 5690 6526 1292 8490 1608 722 6199 6626 6728 5323 1925 3304
413 3557 4704 8916 5990 2419 6922 9429 4319 6917 4092 8210 9677 3757
414 9740 5259 8263 6808 7586 2112 9755 1552 3981 1798 5926 9462 1603 6323 2047 123 5887 5501 1702 3285 1524
415 1323 9610 5666 8052 7463 239 6798 6940 9791 71 9188 2953 2630 3047 9995 4056 105
416 8579 7909 7956 6840 3581 7824 9714 1246 6750 8530 2991 5358 2732 1464
417 6041 6924 6973 6708 7504 449 7557 7528 1729 5302 683
418 7256 5835 1458 6959 8097 7770 4240 1092 6905 2910 5600 7669
419 8199 7525 3781 759 983 4565 8225 9557 636 5000 3533 1736 6765
420 9688 276 8170 6691 1901 2788 8850 7639 3049 4303 7911 3921 6673 1800 2847
421 8173 2169 7289 560 8796 6644 4832 6190 8418 2516 4724 6538 5312 9903 5385
422 9398 1376 9484 165 8844 5860 2907 7044 5951 7286 7211 5168 6306
423 7627 7030 541 5865 5202 4610 868 428 1166 5647 333 2234
424 1880 167 3178 4093 1919 9874 3092 4286 8724 451 4873 966 6263 6429 9247 7845 5922 2158
425 9440 7270 343 5298 8125 8231 8009 8952 6167 4804 4950 9302 538
426 7408 7183 9953 1107 7041 8501 9664 9568 3767 3586 4350 6928 7716 7659 1979
427 7606 4115 6896 4289 143 5924 4248 3795 7105 5108 5999 395
428 312 9184 3044 2002 5747 6407 5213 7616 1456 2933 6274 8950
429 9728 997 9597 7074 8089 2674 4656 1920 3760 1049 7759
430 2926 9736 8926 9959 6899 6474 8386 1929 3574 2094 5591 9723 3104
431 3794 7507 1669 1814 6227 8343 3165 9073 50 162 767 6486
432 8004 2874 9463 1223 4780 9273 9673 9823 6709 4702 3750 6746 3211 8300
433 8521 2653 168 3629 4119 5079 3989 6433 2704 1717 7060 765 5790
434 2486 8885 2402 1622 3267 7276 5365 1727 155 1907 7469 724 157 8235
435 1590 2102 7274 101 3764 5451 3398 839 3807 6876 6459 6855
436 7807 679 715 8969 6150 8245 8955 5621 1989 7558 3263 3576 5726
437 7409 5660 6186 7963 8430 3696 336 3677 5965 3324 4216 9152
438 7382 4891 1280 694 4421 9846 6857 8749 3482 5029 673
439 7157 4027 7234 7493 663 3408 490 305 8702 8601 7838 8814 5722 7138 4400 9465
440 7796 1207 4846 657 9351 616 3170 5508 180 1986
441 8615 9067 4277 1298 4744 5708 5537 644 8033 1364 397
442 6170 5308 8803 4703 6176 6834 6658 846 199 7283 9352 5072 4500 3612
443 7513 9051 3373 7521 8197 1704 3648 7161 2147 1145 1061 7999 5734 5043
444 2076 9941 2759 2523 1341 4556 6104 6036 9481 6327 2346 6528 9178
445 7232 7457 7472 9203 7344 3130 3717 5249 4014 2817
446 7233 7559 8681 4344 7250 8645 3805 1898 92 4503 405
447 8683 8111 9747 5185 1198 1294 9111 4448 9829 7546 5339 2810 4870
448 4808 9161 2167 2877 4505 5141 6745 6381 1172 904 8373 9742
449 5211 7840 3424 4215 4296 5950 7495 741 1761 1044 6810 269 2518
450 949 2741 639 8042 8350 8678 7602 9245 1288 9905 5878 1066 3371
451 9139 2824 9225 8837 4177 9424 9769 2629 3236 9683 3292 4664 1934
452 4572 8138 4218 5772 5896 1722 9043 2383 905 2397 6713 4987 6802
453 5754 5675 1586 7594 3813 171 9222 307 202 4123 7553
454 3535 8652 7059 5474 478 8432 2989 5174 2855 9296 2501 281 2544
455 7352 7810 8505 1668 6266 6415 6590 3301 4589 1851 1401
456 4124 4956 2296 6574 4154 7666 455 2364 7728 3720
457 8443 8167 2421 7774 6419 9502 6640 8276 9661 3784 6359 7919
458 5155 8143 4349 8715 7727 5534 3279 1272 1516 3119 8502 1975 7511
459 2143 5532 6002 7331 6480 7072 204 581 4879 2205 2909 8930 6967
460 1763 477 769 4110 4802 3480 5983 8422 338 7324 645 5288
461 4693 7772 1308 4290 3432 364 446 5939 2370 1724 6993 6390
462 54 4564 4698 2138 3456 9523 6747 8595 3846 3380 3147 2290 4272 3982
463 7889 2505 2353 3552 1129 4292 3405 5291 3388 889 4118 2239 5230 9149 4004 9197
464 7383 3027 7396 4233 44 5297 5493 7132 5556 946 9480
465 8483 154 9585 5320 7526 7385 7604 3099 3251 2770 5143 1354
466 4077 2231 2091 7741 6803 5613 3445 3378 4191 2444
467 360 6287 9407 262 7436 3300 6466 6360 6192 3449 2211
468 1451 2598 3193 6936 3116 9047 7038 6718 3546 982 6174 3704 4464
469 9636 3682 9898 5628 4830 7734 5081 9079 2537 6458 1953 3753 8512
470 7197 4517 2881 5369 5236 1698 8147 5257 4583 283 3180 8723
471 7567 5220 9802 8168 5439 1577 95 9662 329 8142 6623 3836
472 1414 3582 3465 3746 2719 5371 5536 8864 6085 5783 5065 6683 5925 8414
473 3375 8743 7720 5157 3003 1639 8532 680 3261 8753 6397 9508 6748 3089
474 2061 3978 2001 7835 8696 547 4713 6146 5897 4294 3158 8049 2512 3936 838
475 1019 5376 5492 2935 5279 4653 3098 4017 2318 9163 7517 937
476 3523 4080 3759 4553 2692 6642 2819 8392 8529 9080 6331 6790
477 2255 7265 4858 9538 6118 7636 2245 5799 6523 3780
478 3859 5468 6723 9172 6125 9955 6169 5892 4935 5263
479 1425 2003 6431 2081 7273 5148 8286 5717 7124 8773 5810 4561
480 810 8762 3856 8907 9635 6347 662 7574 49 3882 9767 7487 5005
481 9015 8046 7210 1906 8001 1347 1097 8974 5285 2902 9354
482 4938 1439 4407 4031 5456 6320 8634 3681 5192 4519 348 2820 1504 2752 2927 1739
483 5769 4840 7248 6560 4230 2272 1912 4552 1021 5654 5756 5132
484 1309 1662 4928 6479 3653 8917 1227 7004 8459 7499 5351 2066 6131
485 5857 9459 2590 9434 7180 5269 8079 9280 4487 6512 1847 4442 6970
486 1905 2270 5919 4153 3715 9365 4404 9308 1434 3539 4909 7706
487 1011 2811 5336 5723 4217 2826 3002 8451
488 6633 6157 3902 9786 7049 1188 8686 323 6152 0 4948 7545
489 2264 6641 5949 3224 149 1760 4480 4843 6496 6441 1489 4393 4170
490 5467 5284 3656 5295 1346 7630 5880 5158 2332 1976 9420 4278 6447 1149
491 6075 4819 8800 4663 7933 1250 6592 9262 9210 567 5577 4128 6193 6230
492 5972 3071 9216 9099 2666 501 5903 6243 4625 6325 8807 61
493 5169 219 4675 342 4009 9150 3686 8353 5256 385
494 8554 5275 7241 1398 2972 3442 3713 5664 2222 5597 227 8690
495 1881 3394 9586 9621 2448 6271 9230 3334 8818 6163 7008 7847
496 5059 5183 6578 2570 4717 2605 6564 3174 7954 4484 2373 4807 3125 5194
497 6332 652 2058 1258 1606 6720 3472 6892 5601 5364 1778 950 3831
498 442 4942 5432 2541 53 2627 7443 4758 6430 3249
499 5135 4750 6395 3411 1664 2879 2827 5278 5901 8810 7216 7802
