100
0 326 1180 949 615 1125 929 1009 909 1029 1346 1368 5675 1208 2108 2498 2825 1563 1742 3604 1884 7013 675 2849 4048 2071 4589 4319 2908 1273 3761 6045 3068 995 2045 3160
1 4 6 8 24 79 114 246 449 1206 1403 1143 1787 935 2916 2042 1422 1526 5011 917 3450 2531 6682 2622 1847 2215 4320 1259 1045 5246 2308 6628
2 365 911 825 1067 1747 1936 1871 2178 1476 1806 2346 1075 3673 2451 4674 3210 2004 3425 1379 1500 1156 1613 1092 1406 1875 8243 7218 1707 2378 7267
3 72 89 108 143 122 172 177 169 176 216 248 210 298 206 327 384 316 314 182 546 353 399 659 446 529 551 401 442 590 445 903 585 679 1958
4 12 19 22 28 37 36 51 49 55 59 69 65 76 77 84 88 85 80 111 113 112 92 168 139 136 140 147 155 160 152 190 212 335 334 404 260 432 1204 4178
5 198 1023 609 718 953 970 1038 617 2337 3110 1148 937 4914 4552 2151 1693 1327 3304 1437 3878 3391 1725 1550 5553 1326 3881 3021 1364 3901 3161 3912 5865 8044 7234 8015 5313
6 488 848 1337 562 557 1041 1434 759 1841 1062 1123 2078 1370 1314 607 1456 5447 2696 3359 1239 2191 1054 4630 4221 7373 3676 3025 1772 2805 1651 1131 5760 2385 4761 3299
7 241 211 349 310 398 417 380 644 817 485 467 634 673 722 837 569 1902 643 839 1132 3794 1198 2282 819 1445 1097 1063 1136 1986 1709 1277 1104 2198 4371
8 5519 2061 2270 2902 6981 5302 4703 1365 3765 1178 2231 6890 5469 3958 2627 2243 2561 4510 7597 6939 5530 3932 3815 7798 5515 2172 2960 7135 2140 4346 2928 4535 3394 3862 8156 2573 1780 8080
9 1112 835 2312 1203 1393 1158 1486 1814 2741 1517 2144 3551 4606 828 4459 1944 6307 7231 2065 2652 4194 3234 2258 1518 2884 4377 2017 2053 7147 5641 3224 2432 1790 2616 6729
10 1739 2533 1544 2160 1120 4137 4872 9890 5916 3083 4546 2012 2820 4642 1748 2932 3252 6736 4317 2850 7867 2986 5725 4251 3360 7756 3170 1700 1534 2892 9039 4432 5926 9047
11 166 219 328 342 313 633 515 750 1119 1384 2859 1478 2052 898 769 495 1866 826 1228 1427 962 1128 890 1021 1967 800 785 803 740 1313 1704 1068 1428 2218 2195 1215 1732 1988 1993 1271 2433 1510 1408 2003 6138
12 646 836 2177 1810 870 2036 1369 1546 6234 2202 656 1292 2387 6756 2842 2657 1821 6037 3114 2666 1481 3983 1305 1705 1960 1179 3814 1101 4429 5558 1849 2854 4160 6022 8334 1744 2810 5381 7929
13 7 58 146 2311 7322 6980 4722 3943 6131 3712 1540 2911 6703 1686 4723 1981 4350 7027 2429 2793 4001 6036 4699 4051 8743 3811 8688 2922 7918 6644 9677 5834 4840 3572
14 3591 2286 4188 3000 1811 3009 3711 1750 1022 3500 1475 7791 5845 5222 6158 6662 1670 6658 6830 2985 8076 2119 1995 4196 6463 2983 8806 3548 1455 5791 5429 8660 6577 9559
15 376 704 523 1378 2193 2492 1680 1692 920 4070 3387 4881 1740 8614 6243 1683 5960 4152 4819 2976 2233 6137 5361 3730 1822 4337 2383 2913 5819 1839 1616 1763 3389
16 0 1 5 9 11 13 15 26 32 39 45 52 68 74 87 207 263 406 1235 1576 1959 1579 1100 1641 7367 833 3070 3429 3243 1590 2205 4848 4023
17 202 602 716 751 753 996 1927 763 1270 1046 813 638 854 1279 1743 1352 1554 2171 1390 1934 3923 1726 1574 1498 3223 2033 2145 3289 2296 1433 4493 3955 7243 5782 4167 2614 6049
18 280 366 431 1723 4299 5634 3813 2688 728 4781 7593 1525 1930 2128 1226 3929 4275 8444 3127 8616 741 1243 2227 2154 2811 5969 9246 5421 3575 2416 2138 6440 1949 3233 4102 8703 7984
19 1786 2428 1341 1874 1794 9718 5306 1657 6543 3699 2364 4685 5294 9335 6748 8429 4063 4512 7042 3428 2555 3625 3195 3919 5752 4940 2266 985 5014 5878 4712 2358 2546 1795
20 859 1363 918 1996 560 1698 2843 1611 1528 1638 1155 1404 1005 1253 1160 3003 1741 2005 1018 2374 1338 2344 1660 1817 5973 1474 1330 748 5609 1212 9798 5055 2659 2979 1006 3483 4171
21 703 934 745 1775 1490 1653 930 2420 3066 986 2848 1888 2955 4609 4300 2988 4497 2190 1451 1527 3221 1577 1047 1261 5041 4770 7325 6702 3989 7337 2055 2517 2603 1778 5959 5482
22 605 674 1805 1004 1173 1398 1547 3098 3791 1290 2304 4103 2942 1851 3379 2503 2125 2250 4683 1267 1405 8160 8733 4138 2594 9517 5872 2336 3385 4729 3504 2414 6434 1310 2490 5788 8955 7624 4978
23 386 411 517 784 845 623 1250 1087 2241 1127 1418 1152 1642 1496 1925 2464 1402 1597 1345 2852 947 1325 3764 4477 1109 6558 1499 2199 1421 2142 1793
24 294 512 904 1134 1386 1357 925 2758 1356 684 2862 1441 990 1237 873 2056 2187 3119 2692 620 2064 4223 1191 2577 1745 2737 1728 1997 2732 956 3598 905 1961 1195 2060 1385 8450
25 1222 2587 1722 3254 2794 4094 6813 6015 3889 5538 2709 8360 2699 2466 4060 3933 5763 1553 2724 5681 3666 5532 5874 944 3880 2255 2816 2307 2978 2321 7209 3747 2571 4140 6115 7242
26 501 343 479 683 670 1011 567 737 714 558 766 486 871 1388 1859 616 1186 3692 1350 1332 7092 1935 1098 3689 2271 2295 8055 1872 2715 1637 3030 2739 1396 2143 1896 2120
27 685 1301 1463 2582 821 2889 1621 1922 1718 1938 8567 5412 1329 2287 1146 3059 6812 2765 3517 3969 4006 7414 5829 7753 1735 3443 3663 6188 4852 2769 3266 1539 3205 4403
28 23 33 218 151 282 302 318 237 421 402 374 493 276 522 368 321 721 632 521 466 1051 757 601 735 619 622 626 469 900 709 5921
29 271 661 1122 1489 604 2000 2041 2720 2650 1351 6043 924 4724 771 2087 2096 2363 5620 1207 5020 2837 1280 2751 4362 1050 1985 1189 2684 2638 3577 4266 1803 1607 2212 2359 2768 6698 6459
30 492 843 3759 1818 2522 4117 4104 1447 2599 8241 7774 5417 1188 9360 8740 1182 1649 2277 2808 1717 3893 6820 2427 5666 1170 2527 3827 5626 6502 3870
31 121 189 322 290 414 360 534 355 470 579 553 752 489 906 430 581 346 478 1073 611 791 628 1147 815 772 952 971 544 1358 663 655 867
32 16 27 54 60 53 82 110 93 107 103 138 104 156 135 165 193 188 213 167 309 332 265 243 262 258 363 370 338 305 337 447 451 502 317 1506 524 1001 554 681 2402 3849 2486
33 2447 1164 1964 2950 6580 1102 6087 1696 3532 2333 8931 4129 4964 1181 2214 7387 4032 2933 3235 4624 2425 2133 3012 1284 4120 2824 2457 6832 4820 7773 2634 2564 5346 5091 2274 7585
34 315 440 720 1233 548 936 564 838 1466 6571 1256 2847 1283 2399 1971 1587 1921 1312 1414 1752 1232 1394 2477 3768 2319 2633 3222 2469 3949 2430 2254 2612 2690 850 1737 6604
35 1883 1061 1767 4331 1856 3332 1842 5715 3388 7304 3303 2576 8973 5823 4428 5305 4622 5158 6059 6012 1016 3662 3560 4410 5511 4615 7970 7537 5221 3011 4164 4112 4613 8313 4358 3215 6962
36 630 1117 1771 1458 1514 1797 3573 4282 1897 3996 6210 5330 1214 5193 967 3505 8454 3808 1919 1293 1094 1940 2591 5502 9574 2037 6767 2070 4090 3497
37 63 186 270 381 391 340 687 594 866 933 691 788 1620 807 1524 1845 885 948 1078 1245 3543 725 888 2169 1482 705 1089 541 776 1116 2664 834 2746 3911 734 1438 1599 919 2513
38 2 18 20 21 25 34 30 35 41 46 43 50 48 57 62 75 71 64 83 86 97 90 142 127 115 129 130 144 227 356 1714 4336 9138
39 94 109 95 163 204 434 603 439 413 964 647 678 712 423 1058 677 2207 731 747 1251 1298 1141 979 1030 701 2222 910 1410 2196 4089 2226 878 1082 1171 1238 1652 1103
40 1192 6847 1383 2745 1738 3488 3251 2080 4974 3915 1715 9883 5507 6044 8407 3400 1031 2365 1439 2795 1581 2475 1900 1864 4734 8890 1784 2550 9208 3411 4500 8332 2316
41 102 203 307 266 422 378 519 484 448 577 531 916 762 480 666 699 530 1442 566 738 1012 998 844 816 1909 1044 988 804 2456 2147 2552 969 1572 4142 3831 2780
42 1324 2628 884 1111 3866 1460 1678 1003 4372 2541 1982 2426 1768 9567 2604 3198 2150 5154 2027 6085 2341 2047 7408 8929 8168 1321 3270 1348 4190 7433 4133 7159 6934 4742 7532 5264 8549 7594 2153 7360
43 91 231 244 281 397 261 592 1035 1202 1296 3775 1889 3016 874 2398 5038 3317 1721 1375 2262 1323 3038 5376 1190 3032 1894 4448 2306 1416 1509 5150
44 1561 2970 3004 2929 5817 3782 2044 6539 2601 5555 3852 9635 2083 2625 7959 1662 6817 2721 3298 1907 4415 8799 2707 7509 6552 1488 2813 6149 7279 6054 6486 9886
45 134 148 209 259 220 437 460 555 806 575 520 746 860 1216 1665 1459 1316 2298 686 2088 1788 1417 1990 743 1783 1558 1008 1429 697 1140 1663 2818 1917 7055
46 2529 3634 1247 7723 6181 5970 1860 9572 1586 1999 2525 1594 4288 5617 2101 2123 4237 7371 1467 7567 5275 3828 7301 1716 8655 5842 3314 3863 1933 3264 6986
47 1484 3350 690 1048 1322 1347 3751 3106 2079 2670 5564 1636 4847 5497 3597 1893 9430 1618 2436 2098 2894 3056 3175 8600 1956 2038 2712 1154 2791 5990
48 499 876 494 794 1729 1057 1302 2345 1462 649 1809 1593 981 2305 1159 1234 1846 2063 3019 9073 7384 4680 2424 2730 4526 5547 4341 7090 1643 5860 3684 4799 4247
49 1516 1606 1694 1604 2954 4374 1440 897 4207 3537 2089 1504 2610 2239 5895 7378 7718 1928 3499 2782 696 1585 3236 1885 3493 9322 3594 3480 4435 9391 4301 1661 4551
50 542 1244 2126 1674 1753 2853 5309 3065 4150 2229 8969 3131 1359 754 2476 2106 6828 2752 2050 2743 2867 1236 4242 6169 2081 4476 3529 4532 2563 9952 4347 5603 2762 6791 1695 2832 3412 6668 9502
51 5794 5534 3804 8132 5542 2268 4705 5230 3390 4081 2500 6410 1343 1242 8783 9127 4463 9234 5060 6237 2008 3218 7694 5341 3734 6877 3084 9213 6211 3805 7211 7404 7140 5501 9365 2826 4433 2613 6554 4946
52 2327 5616 1950 4849 2585 1139 1578 5662 1904 2974 9946 6919 2523 3906 2293 2442 6376 3819 3962 2162 4065 3366 2512 2275 5069 3615 1448 5299 2082 2164 7307 5524 5848 5625 4470 7278 5175 7895 4130
53 61 117 157 132 162 200 240 347 236 409 358 275 301 331 279 377 425 296 415 452 288 435 350 463 371 597 450 388 606 472 393 533 689 303 880 653
54 2099 2407 1631 5803 5406 1766 7070 7444 3256 4009 3141 5195 2455 3135 2167 9561 4126 783 3013 9566 2281 7429 2294 2931 8949 5522 6325 1281 3023 4560 4225 5985
55 197 311 739 732 1861 980 1150 780 1000 808 1121 1886 857 932 2329 830 931 1126 1299 2551 1015 960 1691 3398 1973 1360 1412 1304 9175 1733 2235 4525 4364 3477 3774 7293
56 352 383 902 822 635 773 1072 1184 1260 855 1286 966 719 1194 987 2007 1697 4672 1848 1502 2220 3374 883 8114 3796 2051 5472 3632 1629 1832 4968 3201 5276 2264 1452 3756
57 214 254 239 389 362 455 418 339 410 382 545 868 476 474 571 387 454 471 438 372 2014 651 627 650 840 667 593 688 723 608 561 1361 831 797 940 2291 2240
58 1007 892 1827 5850 2497 1823 2882 939 2155 8355 1091 7922 1887 1366 2249 4596 6462 1149 2639 6424 2662 2203 3369 1647 4539 2619 1457 3125 2593 5031 1914 1521 3514 7548
59 1118 3843 2948 2629 3580 2188 2104 2980 3226 2485 2237 7979 3002 4913 6676 6357 5165 6927 1059 3176 3101 3952 6799 9913 8226 9231 1972 4034 2956 6238 8139
60 2624 4413 4181 3981 2815 4047 7165 4837 3478 2914 2025 5977 6411 4538 4404 1568 5236 3891 6261 5945 1542 2181 5125 3292 3464 2545 811 4020 7341 3229 6718 6063 1513 9030 1876 2526 3410 5554 5851
61 367 540 319 629 1224 1020 1187 1595 1175 1165 1077 2221 1294 1824 1932 2415 2247 2636 6642 1492 1162 1444 1556 7064 3884 4859 2173 1303 4241 6979 9542
62 38 42 185 267 292 329 345 957 869 761 1953 713 1053 923 1373 736 1213 1039 1570 1376 3858 710 1349 3907 1675 1177 2521 1169 1382 5876 692 1826 1070 3924 8734 4841
63 81 128 161 323 419 954 774 2405 570 1266 2360 3659 1288 3249 2431 1882 3330 3121 1602 4100 416 1624 2611 2334 3324 3883 3455 3248 7892
64 2127 3608 1436 2697 1397 2152 2507 2406 7559 823 3164 5492 2448 1473 2313 5855 6035 1552 1677 6229 1912 3753 6126 4828 8738 2029 1758 7797 7589 5241 2473 3568 3211 2261 9305 9584
65 269 229 228 278 344 375 587 400 637 641 565 589 660 550 862 1857 1863 993 2340 1582 1209 1843 1336 5161 5388 2413 1013 4238 3293 1257 1853 2478 4157 3767 3348
66 201 680 5915 2761 4482 3041 2204 3706 4845 2210 3209 2518 2509 2735 5810 1913 1592 4599 3220 2285 4673 1979 1664 1681 1600 5120 2579 1115 5604 3600 7674 9933
67 390 514 503 433 742 891 1424 1628 790 1461 1074 963 1755 779 2348 1130 2445 1635 580 4738 2649 3769 1588 1515 5442 3624 901 1221 1679 1881 1225 3975
68 158 226 238 286 341 373 568 702 1183 863 810 798 4040 1108 887 1019 982 1828 1084 1963 1483 504 1491 1711 3158 2121 2681 657 1566 664 1532 1906 7607 5999 1503
69 3710 3334 6686 3258 5597 4645 3169 3242 2771 1569 3208 4035 4127 5633 4124 7328 4244 8004 6454 2927 3372 5954 3200 8864 3204 3367 8180 1852 3520 2085 6452 2744
70 284 983 1706 7591 2206 3623 4226 1320 1262 4211 3414 2609 4850 7672 4858 6992 3626 6359 3508 3938 6532 5539 5656 5797 5688 1688 7893 4646 7971 3903 1291 973 2590 6304
71 3 56 67 100 116 173 145 205 159 191 194 257 293 235 253 251 255 299 277 256 222 304 475 348 354 513 364 351 312 459 408 907 977 2371
72 118 171 183 215 357 320 465 336 306 461 324 505 490 600 724 631 760 805 477 946 846 755 778 1333 3140 1037 613 1495 1571 899 4977
73 1354 2968 6504 2878 2959 1869 1339 6310 3886 7497 5357 3824 3419 5653 2748 5197 1614 3826 6531 5659 6361 2315 2869 5124 2211 4151 6711 4388 3973 1854 3137 8034
74 1026 621 578 1066 1210 989 1610 4255 2356 1079 992 4801 3618 8770 2112 1435 1172 2272 2156 2967 5526 1596 3895 1133 2812 2471 1060 1615 4325 5914 2516 5667 1983 1759 2973 5621
75 137 179 208 715 582 456 842 385 799 1991 730 881 1065 853 535 507 809 768 698 856 945 2886 926 1765 1106 976 591 1862 1088 6165 8271
76 1167 3357 563 2965 2844 1055 2105 2446 6783 5141 5494 2938 3182 2504 4427 8725 7399 1342 4917 3635 3392 3596 8766 6288 3595 8056 5540 3444 1749 4778 1802 3470 2223 1836 9351 2208 3992 6402
77 4430 3045 1549 3574 3281 5582 7342 4098 3740 8795 9355 5432 913 5022 3179 8025 6961 3603 1374 2648 4594 2784 8466 6745 5463 7156 7105 3153 7792 5435 6896 1703 6163 7831 2637 6356 6760 7636 5286 6024 2265 4959 1943
78 458 665 707 864 536 1667 758 793 802 2479 1086 5893 2049 3839 2072 1042 1249 765 2702 5108 1371 2568 3535 3257 3571 1690 6952 3494 6001 1708 6684 3977 1229 4864 5278 1413 1951 8402
79 126 180 154 181 250 249 223 289 230 242 481 436 508 424 526 596 997 1480 1265 1754 1477 1105 1908 847 3528 2710 886 1278 3228 1081 1529 999 1315
80 462 427 958 708 1511 1666 1211 1776 1837 1548 3790 2330 2785 2010 2941 1626 1168 832 2168 2961 1573 3935 3708 3022 3171 1129 6964 1311 2158 1877 3661 2883 2683 5209
81 297 510 796 1027 984 1246 1096 695 618 777 1401 1275 1010 1114 928 1538 1080 2491 2245 1161 1673 3561 572 1151 875 1142 1880 1272 1391 865 1153 1231 4498 1627 1865 1344 1468 9957 5546 1200
82 1107 1603 895 1124 959 1064 5144 3323 3142 2717 2093 1622 4716 2095 1144 6656 3631 4981 9353 8297 3972 6599 6348 2538 3403 2567 3449 1974 6082 4291 3102
83 224 195 221 247 429 457 496 482 403 1017 1071 965 511 497 652 671 1389 2114 614 814 1493 547 1034 767 1217 1377 2566 1138 2388 1815 818 849 4618
84 491 2804 1575 1942 2300 4659 2871 4096 5268 2184 3124 4824 9485 2136 2021 1372 1145 2444 3028 1446 1269 2542 2409 2453 5021 8438 5084 4790 3126 3094 827 8702 2921 2787 2377 2713
85 676 516 574 1449 1562 2024 1367 8322 2925 1093 1619 4421 2831 4390 3384 5605 2013 2725 3456 3319 2722 4625 7482 2035 7047 1254 3180 2131 2397 5225 5371 1392 2757
86 164 330 233 443 694 500 487 556 658 584 662 1033 729 642 851 943 749 532 588 950 942 841 912 636 706 775 1948 787 1407 5350 726 639 894 4962 3046 9514
87 184 543 464 392 426 756 506 1137 624 1702 1799 717 882 1287 1218 693 1687 1163 648 2410 1227 1804 610 3349 518 1522 1295 1501 5359 2219 893 1541 3053 2288 2076 5448
88 106 245 405 273 295 428 527 333 396 274 359 525 528 1307 733 1395 595 539 770 994 453 586 744 700 538 789 858 889 672 829 879 1135 914 1591 1583 1263 1656 7117
89 196 291 509 498 369 559 669 361 625 441 654 598 473 968 1318 1734 682 1201 1036 781 1300 1601 1099 1340 1185 1255 1205 1829 795 6450 1757 1415 4281
90 896 1282 1309 2020 2939 7085 2209 1808 4329 2201 2411 2919 3457 4793 3203 3100 3642 1560 2366 6879 6689 9538 1110 9204 3376 6573 2437 2718 9054 2977 3354 3871 5233 6267 2899 9824
91 2355 3244 792 2685 1083 1419 4148 1426 4360 1465 8992 1090 1671 6176 3856 7086 3446 2238 1193 1746 1166 6005 2729 1650 2373 1987 3842 9770 7214 3741 8843 9358 1645
92 10 14 17 29 31 40 47 70 66 73 105 101 99 119 98 125 174 170 199 141 225 187 150 234 252 217 175 232 468 268 549 583 915 1334 3097 5661
93 4016 9556 2011 2067 4704 2809 3586 1411 4807 5769 2408 3540 1850 1978 2124 7315 2694 5140 2488 2419 9710 9043 6369 4156 4813 1420 6555 3230 7038 1736 5180 2256 1844 4191
94 44 78 96 124 120 133 178 123 153 272 287 264 300 192 412 283 325 444 420 379 612 978 861 645 975 576 1223 552 801 764 640 824 782 812 727 1387
95 2682 4791 1032 2706 908 1040 3682 2460 2392 1648 1655 4549 2654 1800 4146 8131 1264 8401 3511 2232 5170 3151 7122 3380 2132 1623 1564 5101
96 2700 961 2949 2066 3424 3783 1469 4834 3941 1640 2987 5627 2726 4025 2887 4184 1899 3117 3338 3076 9019 9782 6514 2947 2157 7818 7155 3082 8414 3512 7995 8240 4277 4656
97 1002 1258 1807 6379 2092 1199 1049 1954 1567 3311 1777 3397 3441 4947 1494 1317 1992 1095 2165 2117 2514 2860 1533 1774 820 972 4854 2480 7266 5773 1454 5034 7981 5971 9722
98 285 483 1197 2380 921 668 1319 1782 1174 1069 1545 951 2148 927 1658 1672 2224 1450 2395 1710 955 2663 1825 2665 2309 4245 2494 1423 7347 7677
99 131 149 308 394 573 786 537 395 1052 1756 599 407 1608 1966 938 1530 3008 1230 1014 2421 2163 1328 1555 711 3797 2292 1085 1989 1274 3246 3513 1024 5063 1076
